<?xml version="1.0" encoding="UTF-8"?>
<!-- Generated by org.testng.reporters.JUnitXMLReporter -->
<testsuite hostname="LM-CARLOS-KAFKA" name="Default test" tests="13" failures="0" timestamp="23 Jul 2015 15:50:39 GMT" time="0.676" errors="0">
  <testcase name="conta_acesso_validacao_com_erro_obrigatoriedade" time="0.015" classname="br.com.carloskafka.sisjpaspring.dominio.seguranca.TestesContaAcesso"/>
  <testcase name="conta_acesso_validacao_sem_erro_obrigatoriedade" time="0.0" classname="br.com.carloskafka.sisjpaspring.dominio.seguranca.TestesContaAcesso"/>
  <testcase name="autenticador_lanca_excecao_ao_validar_conta_acesso_inexistente" time="0.317" classname="br.com.carloskafka.sisjpaspring.dominio.seguranca.TestesAutenticador"/>
  <testcase name="autenticador_valida_conta_acesso_e_retorna_token" time="0.203" classname="br.com.carloskafka.sisjpaspring.dominio.seguranca.TestesAutenticador"/>
  <testcase name="repositorio_de_cliente_salva_cliente_com_conta_acesso_invalida" time="0.0" classname="br.com.carloskafka.sisjpaspring.repositorios.TestesRepositorioCliente"/>
  <testcase name="repositorio_de_cliente_salva_cliente_com_conta_acesso_valida" time="0.016" classname="br.com.carloskafka.sisjpaspring.repositorios.TestesRepositorioCliente"/>
  <testcase name="cliente_validacao_com_erro_obrigatoriedade" time="0.0" classname="br.com.carloskafka.sisjpaspring.dominio.TestesCliente"/>
  <testcase name="cliente_validacao_sem_erro_obrigatoriedade" time="0.0" classname="br.com.carloskafka.sisjpaspring.dominio.TestesCliente"/>
  <testcase name="repositorio_de_conta_acesso_obtem_conta_acesso_com_sucesso" time="0.0" classname="br.com.carloskafka.sisjpaspring.repositorios.TestesRepositorioContaAcesso"/>
  <testcase name="repositorio_de_conta_acesso_obtem_conta_acesso_sem_sucesso" time="0.0" classname="br.com.carloskafka.sisjpaspring.repositorios.TestesRepositorioContaAcesso"/>
  <testcase name="repositorio_de_conta_acesso_obtem_todos_com_sucesso" time="0.016" classname="br.com.carloskafka.sisjpaspring.repositorios.TestesRepositorioContaAcesso"/>
  <testcase name="repositorio_de_conta_acesso_salva_conta_acesso_com_sucesso" time="0.031" classname="br.com.carloskafka.sisjpaspring.repositorios.TestesRepositorioContaAcesso"/>
  <testcase name="repositorio_de_conta_acesso_salva_conta_acesso_sem_sucesso" time="0.016" classname="br.com.carloskafka.sisjpaspring.repositorios.TestesRepositorioContaAcesso"/>
</testsuite> <!-- Default test -->
