<?xml version="1.0" encoding="UTF-8"?>
<testng-results skipped="0" failed="0" total="1" passed="1">
  <reporter-output>
  </reporter-output>
  <suite name="Default suite" duration-ms="39" started-at="2015-07-17T20:50:26Z" finished-at="2015-07-17T20:50:26Z">
    <groups>
    </groups>
    <test name="Default test" duration-ms="39" started-at="2015-07-17T20:50:26Z" finished-at="2015-07-17T20:50:26Z">
      <class name="br.com.carloskafka.sishibernateserver.dominio.TestesCliente">
        <test-method status="PASS" signature="cliente_validacao_com_erro_de_tamanho_maximo_de_dados()[pri:0, instance:br.com.carloskafka.sishibernateserver.dominio.TestesCliente@7cdbc5d3]" name="cliente_validacao_com_erro_de_tamanho_maximo_de_dados" duration-ms="22" started-at="2015-07-17T17:50:26Z" finished-at="2015-07-17T17:50:26Z">
          <reporter-output>
          </reporter-output>
        </test-method> <!-- cliente_validacao_com_erro_de_tamanho_maximo_de_dados -->
      </class> <!-- br.com.carloskafka.sishibernateserver.dominio.TestesCliente -->
    </test> <!-- Default test -->
  </suite> <!-- Default suite -->
</testng-results>
